<?xml version="1.0" encoding="UTF-8"?>
<!-- Generated by org.testng.reporters.JUnitReportReporter -->
<testsuite skipped="0" hostname="Mehak-PC" name="login.example.Loginn" tests="2" failures="0" timestamp="24 May 2018 07:42:42 GMT" time="20.248" errors="0">
  <testcase name="invokeBrowser" time="10.693" classname="login.example.Loginn"/>
  <testcase name="personal" time="9.555" classname="login.example.Loginn"/>
</testsuite> <!-- login.example.Loginn -->
